<?xml version="1.0" encoding="UTF-8"?>
<!-- Generated by org.testng.reporters.JUnitReportReporter -->
<testsuite hostname="WX-5CG1285KPX" failures="0" tests="3" name="cricinfoqatest.automationtesting.Testing2" time="0.002" errors="0" timestamp="2022-03-18T23:32:40 IST" skipped="0">
  <testcase classname="cricinfoqatest.automationtesting.Testing2" name="getData" time="0.001"/>
  <system-out/>
  <testcase classname="cricinfoqatest.automationtesting.Testing2" name="setData" time="0.000"/>
  <system-out/>
  <testcase classname="cricinfoqatest.automationtesting.Testing2" name="putData" time="0.001"/>
  <system-out/>
</testsuite> <!-- cricinfoqatest.automationtesting.Testing2 -->
