<?xml version="1.0" encoding="UTF-8"?>
<!-- Generated by org.testng.reporters.JUnitReportReporter -->
<testsuite hostname="WX-5CG1285KPX" failures="0" tests="1" name="ESPNcricinfo.ESPNcricinfoprod.Home_page" time="13.472" errors="0" timestamp="2022-04-22T11:32:57 IST" skipped="0">
  <testcase classname="ESPNcricinfo.ESPNcricinfoprod.Home_page" name="test" time="13.472"/>
  <system-out/>
</testsuite> <!-- ESPNcricinfo.ESPNcricinfoprod.Home_page -->
