<?xml version="1.0" encoding="UTF-8"?>
<!-- Generated by org.testng.reporters.JUnitReportReporter -->
<testsuite hostname="WX-5CG1285KPX" failures="0" tests="1" name="cricinfoqatest.automationtesting.AutomationTest" time="0.499" errors="0" timestamp="2022-03-04T06:54:51 IST" skipped="0">
  <testcase classname="cricinfoqatest.automationtesting.AutomationTest" name="Browser" time="0.499"/>
  <system-out/>
</testsuite> <!-- cricinfoqatest.automationtesting.AutomationTest -->
