<?xml version="1.0" encoding="UTF-8"?>
<!-- Generated by org.testng.reporters.JUnitReportReporter -->
<testsuite hostname="WX-5CG1285KPX" failures="0" tests="2" name="espncricinfo.testing.Gamepage" time="32.087" errors="0" timestamp="2022-05-17T11:43:59 IST" skipped="0">
  <testcase classname="espncricinfo.testing.Gamepage" name="gamePage" time="31.727"/>
  <system-out/>
  <testcase classname="espncricinfo.testing.Gamepage" name="backendTest" time="0.360"/>
  <system-out/>
</testsuite> <!-- espncricinfo.testing.Gamepage -->
