<?xml version="1.0" encoding="UTF-8"?>
<!-- Generated by org.testng.reporters.JUnitReportReporter -->
<testsuite hostname="WX-5CG1285KPX" failures="0" tests="1" name="espncricinfo.testing.base1" time="10.669" errors="0" timestamp="2022-05-14T17:14:38 IST" skipped="0">
  <testcase classname="espncricinfo.testing.base1" name="backendtest" time="10.669"/>
  <system-out/>
</testsuite> <!-- espncricinfo.testing.base1 -->
