<?xml version="1.0" encoding="UTF-8"?>
<!-- Generated by org.testng.reporters.JUnitReportReporter -->
<testsuite hostname="WX-5CG1285KPX" failures="0" tests="7" name="espncricinfo.testing.trumpGame" time="95.247" errors="0" timestamp="2022-05-16T10:21:09 IST" skipped="0">
  <testcase classname="espncricinfo.testing.trumpGame" name="TrumpWelcomeNotes" time="57.992"/>
  <system-out/>
  <testcase classname="espncricinfo.testing.trumpGame" name="playinfo" time="13.271"/>
  <system-out/>
  <testcase classname="espncricinfo.testing.trumpGame" name="playerinfo" time="0.378"/>
  <system-out>
    <![CDATA[Playing Rules]]>
  </system-out>
  <testcase classname="espncricinfo.testing.trumpGame" name="backendTest" time="0.029"/>
  <system-out/>
  <testcase classname="espncricinfo.testing.trumpGame" name="playGame" time="23.111"/>
  <system-out>
    <![CDATA[Started Playing Game
Ad card close
<img src="C:\Users\VENKATEC\espncricinfo\testingqa\Screenshot\trumpgame.png"/>]]>
  </system-out>
  <testcase classname="espncricinfo.testing.trumpGame" name="share" time="0.123"/>
  <system-out/>
  <testcase classname="espncricinfo.testing.trumpGame" name="Scorecard" time="0.343"/>
  <system-out>
    <![CDATA[<img src='C:\Users\VENKATEC\espncricinfo\testingqa\Screenshot\scorecard.png'/>]]>
  </system-out>
</testsuite> <!-- espncricinfo.testing.trumpGame -->
