<?xml version="1.0" encoding="UTF-8"?>
<!-- Generated by org.testng.reporters.JUnitReportReporter -->
<testsuite hostname="WX-5CG1285KPX" failures="0" tests="7" name="espncricinfo.testing.streakTest" time="258.198" errors="0" timestamp="2022-05-13T09:42:52 IST" skipped="0">
  <testcase classname="espncricinfo.testing.streakTest" name="browserIniziate" time="9.891"/>
  <system-out/>
  <testcase classname="espncricinfo.testing.streakTest" name="navigateStreakurl" time="19.998"/>
  <system-out/>
  <testcase classname="espncricinfo.testing.streakTest" name="playGame" time="215.101"/>
  <system-out>
    <![CDATA[<img src='C:\Users\VENKATEC\espncricinfo\testingqa\Screenshot\streakinfo3.png"'/>
<img src='C:\Users\VENKATEC\espncricinfo\testingqa\Screenshot\streakinfo6.png"'/>
<img src='C:\Users\VENKATEC\espncricinfo\testingqa\Screenshot\streakinfo9.png"'/>]]>
  </system-out>
  <testcase classname="espncricinfo.testing.streakTest" name="statusinfo" time="0.112"/>
  <system-out/>
  <testcase classname="espncricinfo.testing.streakTest" name="todaysquiz" time="10.184"/>
  <system-out/>
  <testcase classname="espncricinfo.testing.streakTest" name="gameresultcard" time="1.672"/>
  <system-out>
    <![CDATA[<img src='C:\Users\VENKATEC\espncricinfo\testingqa\Screenshot\streakgame.png'/>]]>
  </system-out>
  <testcase classname="espncricinfo.testing.streakTest" name="streakinfoText" time="1.240"/>
  <system-out/>
</testsuite> <!-- espncricinfo.testing.streakTest -->
