<?xml version="1.0" encoding="UTF-8"?>
<!-- Generated by org.testng.reporters.JUnitReportReporter -->
<testsuite hostname="WX-5CG1285KPX" failures="0" tests="2" name="Amazon.Selenium.Signin" time="1.538" errors="0" timestamp="2022-04-15T22:27:20 IST" skipped="0">
  <testcase classname="Amazon.Selenium.Signin" name="click" time="1.416"/>
  <system-out/>
  <testcase classname="Amazon.Selenium.Signin" name="Signin" time="0.122"/>
  <system-out/>
</testsuite> <!-- Amazon.Selenium.Signin -->
